<?xml version="1.0" encoding="UTF-8"?>
<!-- Generated by org.testng.reporters.JUnitReportReporter -->
<testsuite hostname="LAPTOP-GK637GH5" name="pack.NewTest" tests="1" failures="0" timestamp="7 Oct 2017 02:24:35 GMT" time="6.115" errors="0">
  <testcase name="testEasy" time="6.115" classname="pack.NewTest"/>
</testsuite> <!-- pack.NewTest -->
